<?xml version="1.0" encoding="UTF-8"?>
<!-- Generated by org.testng.reporters.JUnitXMLReporter -->
<testsuite ignored="0" hostname="LAPTOP-S0EDEAL3" failures="1" tests="4" name="ErrorValidationTest" time="23.231" errors="0" timestamp="2024-12-25T10:50:40 IST">
  <testcase classname="YashadaParabAutomation.TestComponents.ErrorValidation" name="checkError" time="1.289"/>
  <testcase classname="YashadaParabAutomation.TestComponents.ErrorValidation" name="submitOrders" time="1.296">
    <failure type="java.lang.NullPointerException" message="Cannot invoke &amp;quot;org.openqa.selenium.WebElement.findElement(org.openqa.selenium.By)&amp;quot; because &amp;quot;prod&amp;quot; is null">
      <![CDATA[java.lang.NullPointerException: Cannot invoke "org.openqa.selenium.WebElement.findElement(org.openqa.selenium.By)" because "prod" is null
at YashadaParabAutomation.pageObjects.CataloguePage.ClickSubmit(CataloguePage.java:48)
at YashadaParabAutomation.TestComponents.ErrorValidation.submitOrders(ErrorValidation.java:52)
at java.base/java.util.ArrayList.forEach(ArrayList.java:1511)
at java.base/java.util.concurrent.FutureTask.run(FutureTask.java:264)
at java.base/java.util.concurrent.ThreadPoolExecutor.runWorker(ThreadPoolExecutor.java:1136)
at java.base/java.util.concurrent.ThreadPoolExecutor$Worker.run(ThreadPoolExecutor.java:635)
at java.base/java.lang.Thread.run(Thread.java:833)
... Removed 17 stack frames]]>
    </failure>
  </testcase> <!-- submitOrders -->
  <testcase classname="YashadaParabAutomation.TestComponents.ErrorValidation" name="submitOrders" time="3.888"/>
  <testcase classname="YashadaParabAutomation.TestComponents.ErrorValidation" name="submitProduct" time="0.0">
    <skipped/>
  </testcase> <!-- submitProduct -->
</testsuite> <!-- ErrorValidationTest -->
